0 info it worked if it ends with ok
1 verbose cli [ 'node', '/usr/local/bin/npm', 'install', 'node-webkit' ]
2 info using npm@1.4.7
3 info using node@v0.10.0
4 warn package.json audioshift@0.0.2 No repository field.
5 warn package.json audioshift@0.0.2 No README data
6 warn package.json nw@0.0.0 No repository field.
7 verbose readDependencies using package.json deps
8 verbose cache add [ 'node-webkit', null ]
9 verbose cache add name=undefined spec="node-webkit" args=["node-webkit",null]
10 verbose parsed url { protocol: null,
10 verbose parsed url   slashes: null,
10 verbose parsed url   auth: null,
10 verbose parsed url   host: null,
10 verbose parsed url   port: null,
10 verbose parsed url   hostname: null,
10 verbose parsed url   hash: null,
10 verbose parsed url   search: null,
10 verbose parsed url   query: null,
10 verbose parsed url   pathname: 'node-webkit',
10 verbose parsed url   path: 'node-webkit',
10 verbose parsed url   href: 'node-webkit' }
11 silly lockFile 671c93df-node-webkit node-webkit
12 verbose lock node-webkit /root/.npm/671c93df-node-webkit.lock
13 silly lockFile 671c93df-node-webkit node-webkit
14 silly lockFile 671c93df-node-webkit node-webkit
15 verbose addNamed [ 'node-webkit', '' ]
16 verbose addNamed [ null, '*' ]
17 silly lockFile 0a8a37b3-node-webkit node-webkit@
18 verbose lock node-webkit@ /root/.npm/0a8a37b3-node-webkit.lock
19 silly addNameRange { name: 'node-webkit', range: '*', hasData: false }
20 verbose url raw node-webkit
21 verbose url resolving [ 'https://registry.npmjs.org/', './node-webkit' ]
22 verbose url resolved https://registry.npmjs.org/node-webkit
23 info trying registry request attempt 1 at 22:42:57
24 http GET https://registry.npmjs.org/node-webkit
25 http 404 https://registry.npmjs.org/node-webkit
26 verbose headers { date: 'Sun, 01 Jun 2014 02:42:57 GMT',
26 verbose headers   server: 'CouchDB/1.5.0 (Erlang OTP/R14B04)',
26 verbose headers   'content-type': 'application/json',
26 verbose headers   'cache-control': 'max-age=0',
26 verbose headers   'content-length': '52',
26 verbose headers   'accept-ranges': 'bytes',
26 verbose headers   via: '1.1 varnish',
26 verbose headers   age: '0',
26 verbose headers   'x-served-by': 'cache-v37-ASH',
26 verbose headers   'x-cache': 'MISS',
26 verbose headers   'x-cache-hits': '0',
26 verbose headers   'x-timer': 'S1401590577.529715,VS0,VE129',
26 verbose headers   'keep-alive': 'timeout=10, max=50',
26 verbose headers   connection: 'Keep-Alive' }
27 silly registry.get cb [ 404,
27 silly registry.get   { date: 'Sun, 01 Jun 2014 02:42:57 GMT',
27 silly registry.get     server: 'CouchDB/1.5.0 (Erlang OTP/R14B04)',
27 silly registry.get     'content-type': 'application/json',
27 silly registry.get     'cache-control': 'max-age=0',
27 silly registry.get     'content-length': '52',
27 silly registry.get     'accept-ranges': 'bytes',
27 silly registry.get     via: '1.1 varnish',
27 silly registry.get     age: '0',
27 silly registry.get     'x-served-by': 'cache-v37-ASH',
27 silly registry.get     'x-cache': 'MISS',
27 silly registry.get     'x-cache-hits': '0',
27 silly registry.get     'x-timer': 'S1401590577.529715,VS0,VE129',
27 silly registry.get     'keep-alive': 'timeout=10, max=50',
27 silly registry.get     connection: 'Keep-Alive' } ]
28 silly lockFile 0a8a37b3-node-webkit node-webkit@
29 silly lockFile 0a8a37b3-node-webkit node-webkit@
30 error 404 404 Not Found: node-webkit
30 error 404
30 error 404 'node-webkit' is not in the npm registry.
30 error 404 You should bug the author to publish it
30 error 404 It was specified as a dependency of 'audioshift'
30 error 404
30 error 404 Maybe try 'npm search webkit'
30 error 404
30 error 404 Note that you can also install from a
30 error 404 tarball, folder, or http url, or git url.
31 error System Linux 3.13.8-1-ARCH
32 error command "node" "/usr/local/bin/npm" "install" "node-webkit"
33 error cwd /home/anthony/Projects/audioshift
34 error node -v v0.10.0
35 error npm -v 1.4.7
36 error code E404
37 verbose exit [ 1, true ]
